602.43
stuart
2
545.03
stuart
2
464.14
stuart
2
367.12
stuart
2
292.33
stuart
2
270.08
stuart
2
269.07
stuart
2
163.95
a
1
139.10
stuart
2
97.65
a
1
85.08
a
1
77.90
a
1
77.41
a
1
73.47
a
1
69.36
stuart
2
67.40
a
1
54.93
stuart
3
44.78
stuart
2
44.48
a
1
41.85
stuart
1
40.83
a
1
39.55
a
1
31.46
stuart
1
24.16
a
1
 8.60
stuart
2
 1.06
stuart
2
 0.00
a
0
 0.00
stuart
4
 0.00
stuart
4
 0.00
stuart
4
 0.00
stuart
4
 0.00
stuart
4
 0.00
stuart
4
 0.00
stuart
0
 0.00
stuart
0
 0.00
stuart
0
 0.00
stuart
0
-37.40
stuart
1
-39.03
stuart
2
